1.
Iteration 0 [13.7 s]: HR = 0.4475, NDCG = 0.2498, loss = 0.4840 [4.2 s]
Iteration 1 [13.1 s]: HR = 0.5008, NDCG = 0.2804, loss = 0.3405 [4.2 s]
Iteration 2 [13.0 s]: HR = 0.5328, NDCG = 0.2984, loss = 0.3179 [4.2 s]
Iteration 3 [13.1 s]: HR = 0.5475, NDCG = 0.3083, loss = 0.3078 [4.2 s]
Iteration 4 [13.1 s]: HR = 0.5588, NDCG = 0.3157, loss = 0.3026 [4.2 s]
Iteration 5 [13.1 s]: HR = 0.5709, NDCG = 0.3200, loss = 0.2982 [4.2 s]
Iteration 6 [13.1 s]: HR = 0.5815, NDCG = 0.3262, loss = 0.2927 [4.2 s]
Iteration 7 [13.1 s]: HR = 0.5907, NDCG = 0.3325, loss = 0.2892 [4.2 s]
Iteration 8 [13.1 s]: HR = 0.5962, NDCG = 0.3365, loss = 0.2862 [4.2 s]
Iteration 9 [13.0 s]: HR = 0.6007, NDCG = 0.3424, loss = 0.2833 [4.2 s]
Iteration 10 [13.1 s]: HR = 0.6065, NDCG = 0.3457, loss = 0.2795 [4.2 s]
Iteration 11 [13.1 s]: HR = 0.6131, NDCG = 0.3501, loss = 0.2763 [4.2 s]
Iteration 12 [13.0 s]: HR = 0.6190, NDCG = 0.3543, loss = 0.2738 [4.2 s]
Iteration 13 [13.1 s]: HR = 0.6262, NDCG = 0.3575, loss = 0.2720 [4.2 s]
Iteration 14 [13.2 s]: HR = 0.6273, NDCG = 0.3588, loss = 0.2705 [4.2 s]
Iteration 15 [13.0 s]: HR = 0.6276, NDCG = 0.3599, loss = 0.2696 [4.2 s]
Iteration 16 [13.1 s]: HR = 0.6313, NDCG = 0.3609, loss = 0.2687 [4.2 s]
Iteration 17 [13.1 s]: HR = 0.6298, NDCG = 0.3629, loss = 0.2682 [4.2 s]
Iteration 18 [13.1 s]: HR = 0.6303, NDCG = 0.3624, loss = 0.2678 [4.2 s]
Iteration 19 [13.0 s]: HR = 0.6329, NDCG = 0.3638, loss = 0.2673 [4.2 s]
Iteration 20 [13.1 s]: HR = 0.6346, NDCG = 0.3645, loss = 0.2670 [4.2 s]
Iteration 21 [13.1 s]: HR = 0.6368, NDCG = 0.3649, loss = 0.2669 [4.2 s]
Iteration 22 [13.2 s]: HR = 0.6371, NDCG = 0.3639, loss = 0.2667 [4.2 s]
Iteration 23 [13.1 s]: HR = 0.6373, NDCG = 0.3641, loss = 0.2667 [4.2 s]
Iteration 24 [13.1 s]: HR = 0.6401, NDCG = 0.3665, loss = 0.2661 [4.2 s]
Iteration 25 [13.1 s]: HR = 0.6369, NDCG = 0.3648, loss = 0.2662 [4.2 s]
Iteration 26 [13.2 s]: HR = 0.6377, NDCG = 0.3647, loss = 0.2662 [4.2 s]
Iteration 27 [13.1 s]: HR = 0.6391, NDCG = 0.3647, loss = 0.2660 [4.2 s]
Iteration 28 [13.1 s]: HR = 0.6356, NDCG = 0.3655, loss = 0.2658 [4.2 s]
Iteration 29 [13.0 s]: HR = 0.6369, NDCG = 0.3666, loss = 0.2659 [4.2 s]
Iteration 30 [13.2 s]: HR = 0.6407, NDCG = 0.3656, loss = 0.2658 [4.2 s]
Iteration 31 [13.3 s]: HR = 0.6381, NDCG = 0.3646, loss = 0.2656 [4.2 s]
Iteration 32 [13.0 s]: HR = 0.6394, NDCG = 0.3664, loss = 0.2654 [4.2 s]
Iteration 33 [13.1 s]: HR = 0.6392, NDCG = 0.3657, loss = 0.2656 [4.2 s]
Iteration 34 [13.0 s]: HR = 0.6381, NDCG = 0.3648, loss = 0.2652 [4.2 s]
Iteration 35 [13.1 s]: HR = 0.6414, NDCG = 0.3668, loss = 0.2654 [4.2 s]
Iteration 36 [13.1 s]: HR = 0.6409, NDCG = 0.3661, loss = 0.2653 [4.2 s]
Iteration 37 [13.1 s]: HR = 0.6424, NDCG = 0.3665, loss = 0.2654 [4.2 s]
Iteration 38 [13.2 s]: HR = 0.6442, NDCG = 0.3668, loss = 0.2653 [4.2 s]
Iteration 39 [13.0 s]: HR = 0.6416, NDCG = 0.3674, loss = 0.2651 [4.2 s]
Iteration 40 [13.1 s]: HR = 0.6460, NDCG = 0.3661, loss = 0.2652 [4.2 s]
Iteration 41 [13.1 s]: HR = 0.6416, NDCG = 0.3665, loss = 0.2651 [4.2 s]
Iteration 42 [13.1 s]: HR = 0.6421, NDCG = 0.3665, loss = 0.2651 [4.2 s]
Iteration 43 [13.1 s]: HR = 0.6422, NDCG = 0.3654, loss = 0.2650 [4.2 s]
Iteration 44 [13.2 s]: HR = 0.6432, NDCG = 0.3680, loss = 0.2650 [4.2 s]
Iteration 45 [13.1 s]: HR = 0.6417, NDCG = 0.3655, loss = 0.2650 [4.2 s]
Iteration 46 [13.1 s]: HR = 0.6407, NDCG = 0.3655, loss = 0.2648 [4.2 s]
Iteration 47 [13.1 s]: HR = 0.6382, NDCG = 0.3644, loss = 0.2649 [4.2 s]
Iteration 48 [13.1 s]: HR = 0.6409, NDCG = 0.3667, loss = 0.2650 [4.2 s]
Iteration 49 [13.1 s]: HR = 0.6419, NDCG = 0.3672, loss = 0.2651 [4.2 s]
Iteration 50 [13.1 s]: HR = 0.6417, NDCG = 0.3663, loss = 0.2650 [4.2 s]
Iteration 51 [13.1 s]: HR = 0.6389, NDCG = 0.3648, loss = 0.2649 [4.2 s]
Iteration 52 [13.0 s]: HR = 0.6394, NDCG = 0.3653, loss = 0.2648 [4.2 s]
Iteration 53 [13.2 s]: HR = 0.6377, NDCG = 0.3646, loss = 0.2647 [4.2 s]
Iteration 54 [13.2 s]: HR = 0.6414, NDCG = 0.3668, loss = 0.2648 [4.2 s]
Iteration 55 [13.1 s]: HR = 0.6425, NDCG = 0.3679, loss = 0.2647 [4.2 s]
Iteration 56 [13.2 s]: HR = 0.6402, NDCG = 0.3662, loss = 0.2644 [4.2 s]
Iteration 57 [13.1 s]: HR = 0.6399, NDCG = 0.3664, loss = 0.2647 [4.2 s]
Iteration 58 [13.2 s]: HR = 0.6404, NDCG = 0.3670, loss = 0.2648 [4.2 s]
Iteration 59 [13.2 s]: HR = 0.6382, NDCG = 0.3680, loss = 0.2648 [4.2 s]
Iteration 60 [13.1 s]: HR = 0.6381, NDCG = 0.3657, loss = 0.2645 [4.2 s]
Iteration 61 [13.1 s]: HR = 0.6412, NDCG = 0.3676, loss = 0.2646 [4.2 s]
Iteration 62 [13.1 s]: HR = 0.6414, NDCG = 0.3662, loss = 0.2646 [4.2 s]
Iteration 63 [13.1 s]: HR = 0.6391, NDCG = 0.3665, loss = 0.2648 [4.2 s]
Iteration 64 [13.2 s]: HR = 0.6404, NDCG = 0.3663, loss = 0.2647 [4.2 s]
Iteration 65 [13.1 s]: HR = 0.6396, NDCG = 0.3664, loss = 0.2646 [4.2 s]
Iteration 66 [13.1 s]: HR = 0.6421, NDCG = 0.3673, loss = 0.2646 [4.2 s]
Iteration 67 [13.1 s]: HR = 0.6386, NDCG = 0.3652, loss = 0.2646 [4.2 s]
Iteration 68 [13.2 s]: HR = 0.6424, NDCG = 0.3666, loss = 0.2647 [4.2 s]
Iteration 69 [13.1 s]: HR = 0.6416, NDCG = 0.3682, loss = 0.2645 [4.2 s]
Iteration 70 [13.1 s]: HR = 0.6414, NDCG = 0.3668, loss = 0.2644 [4.2 s]
Iteration 71 [13.1 s]: HR = 0.6417, NDCG = 0.3676, loss = 0.2645 [4.2 s]
Iteration 72 [13.1 s]: HR = 0.6429, NDCG = 0.3689, loss = 0.2643 [4.2 s]
Iteration 73 [13.1 s]: HR = 0.6416, NDCG = 0.3686, loss = 0.2643 [4.2 s]
Iteration 74 [13.1 s]: HR = 0.6404, NDCG = 0.3662, loss = 0.2645 [4.2 s]
Iteration 75 [13.1 s]: HR = 0.6432, NDCG = 0.3690, loss = 0.2642 [4.2 s]
Iteration 76 [13.1 s]: HR = 0.6437, NDCG = 0.3680, loss = 0.2643 [4.2 s]
Iteration 77 [13.2 s]: HR = 0.6427, NDCG = 0.3675, loss = 0.2642 [4.2 s]
Iteration 78 [13.1 s]: HR = 0.6396, NDCG = 0.3669, loss = 0.2646 [4.2 s]
Iteration 79 [13.1 s]: HR = 0.6417, NDCG = 0.3681, loss = 0.2644 [4.2 s]
Iteration 80 [13.1 s]: HR = 0.6411, NDCG = 0.3670, loss = 0.2645 [4.2 s]
Iteration 81 [13.1 s]: HR = 0.6411, NDCG = 0.3673, loss = 0.2643 [4.2 s]
Iteration 82 [13.1 s]: HR = 0.6407, NDCG = 0.3675, loss = 0.2640 [4.2 s]
Iteration 83 [13.2 s]: HR = 0.6417, NDCG = 0.3673, loss = 0.2639 [4.2 s]
Iteration 84 [13.2 s]: HR = 0.6434, NDCG = 0.3673, loss = 0.2642 [4.2 s]
Iteration 85 [13.1 s]: HR = 0.6402, NDCG = 0.3675, loss = 0.2641 [4.2 s]
Iteration 86 [13.1 s]: HR = 0.6424, NDCG = 0.3679, loss = 0.2642 [4.2 s]
Iteration 87 [13.3 s]: HR = 0.6396, NDCG = 0.3665, loss = 0.2643 [4.2 s]
Iteration 88 [13.1 s]: HR = 0.6397, NDCG = 0.3673, loss = 0.2643 [4.2 s]
Iteration 89 [13.1 s]: HR = 0.6389, NDCG = 0.3665, loss = 0.2641 [4.2 s]
Iteration 90 [13.2 s]: HR = 0.6401, NDCG = 0.3681, loss = 0.2642 [4.2 s]
Iteration 91 [13.1 s]: HR = 0.6424, NDCG = 0.3669, loss = 0.2641 [4.2 s]
Iteration 92 [13.1 s]: HR = 0.6406, NDCG = 0.3669, loss = 0.2642 [4.2 s]
Iteration 93 [13.2 s]: HR = 0.6406, NDCG = 0.3678, loss = 0.2642 [4.2 s]
Iteration 94 [13.1 s]: HR = 0.6425, NDCG = 0.3679, loss = 0.2640 [4.2 s]
Iteration 95 [13.1 s]: HR = 0.6396, NDCG = 0.3671, loss = 0.2641 [4.2 s]
Iteration 96 [13.1 s]: HR = 0.6422, NDCG = 0.3683, loss = 0.2642 [4.2 s]
Iteration 97 [13.1 s]: HR = 0.6379, NDCG = 0.3671, loss = 0.2639 [4.2 s]
Iteration 98 [13.1 s]: HR = 0.6401, NDCG = 0.3681, loss = 0.2639 [4.2 s]
Iteration 99 [13.2 s]: HR = 0.6387, NDCG = 0.3673, loss = 0.2641 [4.2 s]
End. Best Iteration 40:  HR = 0.6460, NDCG = 0.3661.
2.
Iteration 0 [13.8 s]: HR = 0.4507, NDCG = 0.2513, loss = 0.4721 [4.2 s]
Iteration 1 [13.2 s]: HR = 0.5462, NDCG = 0.3079, loss = 0.3261 [4.2 s]
Iteration 2 [13.3 s]: HR = 0.5798, NDCG = 0.3290, loss = 0.2968 [4.2 s]
Iteration 3 [13.2 s]: HR = 0.5970, NDCG = 0.3405, loss = 0.2858 [4.2 s]
Iteration 4 [13.6 s]: HR = 0.6084, NDCG = 0.3472, loss = 0.2789 [4.2 s]
Iteration 5 [13.2 s]: HR = 0.6205, NDCG = 0.3567, loss = 0.2732 [4.2 s]
Iteration 6 [13.2 s]: HR = 0.6293, NDCG = 0.3640, loss = 0.2669 [4.2 s]
Iteration 7 [13.2 s]: HR = 0.6430, NDCG = 0.3710, loss = 0.2611 [4.2 s]
Iteration 8 [13.3 s]: HR = 0.6512, NDCG = 0.3774, loss = 0.2565 [4.2 s]
Iteration 9 [13.2 s]: HR = 0.6619, NDCG = 0.3857, loss = 0.2528 [4.2 s]
Iteration 10 [13.7 s]: HR = 0.6624, NDCG = 0.3885, loss = 0.2498 [4.2 s]
Iteration 11 [13.4 s]: HR = 0.6627, NDCG = 0.3908, loss = 0.2477 [4.2 s]
Iteration 12 [13.4 s]: HR = 0.6720, NDCG = 0.3945, loss = 0.2458 [4.2 s]
Iteration 13 [13.2 s]: HR = 0.6687, NDCG = 0.3969, loss = 0.2447 [4.2 s]
Iteration 14 [13.3 s]: HR = 0.6710, NDCG = 0.3997, loss = 0.2434 [4.2 s]
Iteration 15 [13.3 s]: HR = 0.6747, NDCG = 0.4011, loss = 0.2421 [4.2 s]
Iteration 16 [13.3 s]: HR = 0.6748, NDCG = 0.4005, loss = 0.2416 [4.2 s]
Iteration 17 [13.6 s]: HR = 0.6790, NDCG = 0.4030, loss = 0.2409 [4.2 s]
Iteration 18 [13.2 s]: HR = 0.6811, NDCG = 0.4049, loss = 0.2402 [4.2 s]
Iteration 19 [13.2 s]: HR = 0.6788, NDCG = 0.4034, loss = 0.2396 [4.2 s]
Iteration 20 [13.3 s]: HR = 0.6815, NDCG = 0.4047, loss = 0.2391 [4.2 s]
Iteration 21 [13.2 s]: HR = 0.6816, NDCG = 0.4056, loss = 0.2389 [4.2 s]
Iteration 22 [13.2 s]: HR = 0.6801, NDCG = 0.4043, loss = 0.2385 [4.2 s]
Iteration 23 [13.2 s]: HR = 0.6853, NDCG = 0.4070, loss = 0.2380 [4.2 s]
Iteration 24 [13.4 s]: HR = 0.6813, NDCG = 0.4045, loss = 0.2379 [4.2 s]
Iteration 25 [13.2 s]: HR = 0.6791, NDCG = 0.4045, loss = 0.2378 [4.2 s]
Iteration 26 [13.2 s]: HR = 0.6836, NDCG = 0.4042, loss = 0.2376 [4.2 s]
Iteration 27 [13.2 s]: HR = 0.6811, NDCG = 0.4036, loss = 0.2374 [4.2 s]
Iteration 28 [13.2 s]: HR = 0.6826, NDCG = 0.4037, loss = 0.2369 [4.2 s]
Iteration 29 [13.2 s]: HR = 0.6836, NDCG = 0.4055, loss = 0.2372 [4.2 s]
Iteration 30 [13.3 s]: HR = 0.6806, NDCG = 0.4037, loss = 0.2368 [4.2 s]
Iteration 31 [13.3 s]: HR = 0.6811, NDCG = 0.4055, loss = 0.2367 [4.2 s]
Iteration 32 [13.2 s]: HR = 0.6825, NDCG = 0.4066, loss = 0.2364 [4.2 s]
Iteration 33 [13.3 s]: HR = 0.6800, NDCG = 0.4045, loss = 0.2364 [4.2 s]
Iteration 34 [13.2 s]: HR = 0.6825, NDCG = 0.4045, loss = 0.2362 [4.2 s]
Iteration 35 [13.3 s]: HR = 0.6828, NDCG = 0.4042, loss = 0.2362 [4.2 s]
Iteration 36 [13.3 s]: HR = 0.6805, NDCG = 0.4048, loss = 0.2359 [4.2 s]
Iteration 37 [13.1 s]: HR = 0.6843, NDCG = 0.4054, loss = 0.2361 [4.2 s]
Iteration 38 [13.2 s]: HR = 0.6839, NDCG = 0.4055, loss = 0.2360 [4.2 s]
Iteration 39 [14.1 s]: HR = 0.6823, NDCG = 0.4051, loss = 0.2359 [4.2 s]
Iteration 40 [13.3 s]: HR = 0.6834, NDCG = 0.4062, loss = 0.2358 [4.2 s]
Iteration 41 [13.2 s]: HR = 0.6825, NDCG = 0.4050, loss = 0.2360 [4.2 s]
Iteration 42 [13.2 s]: HR = 0.6796, NDCG = 0.4047, loss = 0.2357 [4.2 s]
Iteration 43 [13.3 s]: HR = 0.6828, NDCG = 0.4051, loss = 0.2357 [4.2 s]
Iteration 44 [13.2 s]: HR = 0.6831, NDCG = 0.4058, loss = 0.2358 [4.2 s]
Iteration 45 [13.2 s]: HR = 0.6834, NDCG = 0.4058, loss = 0.2355 [4.2 s]
Iteration 46 [13.3 s]: HR = 0.6836, NDCG = 0.4052, loss = 0.2355 [4.2 s]
Iteration 47 [13.2 s]: HR = 0.6869, NDCG = 0.4067, loss = 0.2352 [4.2 s]
Iteration 48 [13.2 s]: HR = 0.6848, NDCG = 0.4039, loss = 0.2353 [4.2 s]
Iteration 49 [13.2 s]: HR = 0.6826, NDCG = 0.4046, loss = 0.2354 [4.2 s]
Iteration 50 [13.6 s]: HR = 0.6796, NDCG = 0.4017, loss = 0.2353 [4.2 s]
Iteration 51 [13.4 s]: HR = 0.6811, NDCG = 0.4039, loss = 0.2352 [4.2 s]
Iteration 52 [13.2 s]: HR = 0.6834, NDCG = 0.4045, loss = 0.2352 [4.2 s]
Iteration 53 [13.8 s]: HR = 0.6821, NDCG = 0.4050, loss = 0.2351 [4.2 s]
Iteration 54 [13.2 s]: HR = 0.6816, NDCG = 0.4038, loss = 0.2351 [4.2 s]
Iteration 55 [13.2 s]: HR = 0.6821, NDCG = 0.4033, loss = 0.2351 [4.2 s]
Iteration 56 [13.2 s]: HR = 0.6853, NDCG = 0.4051, loss = 0.2351 [4.2 s]
Iteration 57 [13.2 s]: HR = 0.6849, NDCG = 0.4044, loss = 0.2350 [4.2 s]
Iteration 58 [13.4 s]: HR = 0.6866, NDCG = 0.4061, loss = 0.2348 [4.2 s]
Iteration 59 [13.4 s]: HR = 0.6823, NDCG = 0.4051, loss = 0.2351 [4.2 s]
Iteration 60 [13.4 s]: HR = 0.6833, NDCG = 0.4055, loss = 0.2349 [4.2 s]
Iteration 61 [13.2 s]: HR = 0.6836, NDCG = 0.4052, loss = 0.2349 [4.2 s]
Iteration 62 [13.2 s]: HR = 0.6829, NDCG = 0.4047, loss = 0.2347 [4.2 s]
Iteration 63 [13.2 s]: HR = 0.6859, NDCG = 0.4067, loss = 0.2349 [4.2 s]
Iteration 64 [13.3 s]: HR = 0.6843, NDCG = 0.4062, loss = 0.2349 [4.2 s]
Iteration 65 [13.2 s]: HR = 0.6884, NDCG = 0.4071, loss = 0.2348 [4.2 s]
Iteration 66 [13.4 s]: HR = 0.6877, NDCG = 0.4068, loss = 0.2350 [4.2 s]
Iteration 67 [13.2 s]: HR = 0.6820, NDCG = 0.4054, loss = 0.2347 [4.2 s]
Iteration 68 [13.2 s]: HR = 0.6838, NDCG = 0.4057, loss = 0.2349 [4.2 s]
Iteration 69 [13.3 s]: HR = 0.6858, NDCG = 0.4065, loss = 0.2345 [4.2 s]
Iteration 70 [13.4 s]: HR = 0.6839, NDCG = 0.4064, loss = 0.2345 [4.2 s]
Iteration 71 [13.2 s]: HR = 0.6854, NDCG = 0.4072, loss = 0.2346 [4.2 s]
Iteration 72 [13.2 s]: HR = 0.6874, NDCG = 0.4085, loss = 0.2345 [4.2 s]
Iteration 73 [13.2 s]: HR = 0.6856, NDCG = 0.4068, loss = 0.2346 [4.2 s]
Iteration 74 [13.5 s]: HR = 0.6846, NDCG = 0.4064, loss = 0.2348 [4.2 s]
Iteration 75 [13.2 s]: HR = 0.6818, NDCG = 0.4054, loss = 0.2343 [4.2 s]
Iteration 76 [13.2 s]: HR = 0.6858, NDCG = 0.4059, loss = 0.2345 [4.2 s]
Iteration 77 [13.2 s]: HR = 0.6853, NDCG = 0.4071, loss = 0.2345 [4.2 s]
Iteration 78 [13.2 s]: HR = 0.6849, NDCG = 0.4053, loss = 0.2346 [4.2 s]
Iteration 79 [13.2 s]: HR = 0.6828, NDCG = 0.4052, loss = 0.2344 [4.2 s]
Iteration 80 [13.4 s]: HR = 0.6831, NDCG = 0.4055, loss = 0.2343 [4.4 s]
Iteration 81 [13.3 s]: HR = 0.6838, NDCG = 0.4055, loss = 0.2344 [4.2 s]
Iteration 82 [13.2 s]: HR = 0.6844, NDCG = 0.4056, loss = 0.2345 [4.2 s]
Iteration 83 [13.2 s]: HR = 0.6854, NDCG = 0.4046, loss = 0.2343 [4.2 s]
Iteration 84 [13.2 s]: HR = 0.6864, NDCG = 0.4054, loss = 0.2346 [4.2 s]
Iteration 85 [13.2 s]: HR = 0.6863, NDCG = 0.4049, loss = 0.2343 [4.2 s]
Iteration 86 [13.2 s]: HR = 0.6846, NDCG = 0.4046, loss = 0.2346 [4.2 s]
Iteration 87 [13.2 s]: HR = 0.6846, NDCG = 0.4054, loss = 0.2341 [4.2 s]
Iteration 88 [13.3 s]: HR = 0.6849, NDCG = 0.4065, loss = 0.2345 [4.2 s]
Iteration 89 [13.2 s]: HR = 0.6829, NDCG = 0.4061, loss = 0.2342 [4.2 s]
Iteration 90 [13.3 s]: HR = 0.6853, NDCG = 0.4069, loss = 0.2345 [4.2 s]
Iteration 91 [13.3 s]: HR = 0.6853, NDCG = 0.4065, loss = 0.2343 [4.2 s]
Iteration 92 [13.4 s]: HR = 0.6828, NDCG = 0.4048, loss = 0.2341 [4.2 s]
Iteration 93 [13.2 s]: HR = 0.6854, NDCG = 0.4051, loss = 0.2340 [4.2 s]
Iteration 94 [13.3 s]: HR = 0.6806, NDCG = 0.4045, loss = 0.2342 [4.2 s]
Iteration 95 [13.2 s]: HR = 0.6833, NDCG = 0.4054, loss = 0.2341 [4.2 s]
Iteration 96 [13.3 s]: HR = 0.6844, NDCG = 0.4044, loss = 0.2342 [4.2 s]
Iteration 97 [13.2 s]: HR = 0.6849, NDCG = 0.4054, loss = 0.2342 [4.2 s]
Iteration 98 [13.2 s]: HR = 0.6844, NDCG = 0.4048, loss = 0.2341 [4.2 s]
Iteration 99 [13.3 s]: HR = 0.6877, NDCG = 0.4064, loss = 0.2341 [4.2 s]
End. Best Iteration 65:  HR = 0.6884, NDCG = 0.4071.
3.
Iteration 0 [21.0 s]: HR = 0.4757, NDCG = 0.2660, loss = 0.4644 [8.3 s]
Iteration 1 [22.6 s]: HR = 0.5647, NDCG = 0.3202, loss = 0.3133 [7.2 s]
Iteration 2 [22.5 s]: HR = 0.6091, NDCG = 0.3484, loss = 0.2828 [8.2 s]
Iteration 3 [22.3 s]: HR = 0.6321, NDCG = 0.3660, loss = 0.2687 [6.6 s]
Iteration 4 [20.4 s]: HR = 0.6515, NDCG = 0.3787, loss = 0.2588 [7.0 s]
Iteration 5 [21.5 s]: HR = 0.6613, NDCG = 0.3887, loss = 0.2513 [7.2 s]
Iteration 6 [20.6 s]: HR = 0.6738, NDCG = 0.3954, loss = 0.2454 [6.6 s]
Iteration 7 [20.4 s]: HR = 0.6773, NDCG = 0.3997, loss = 0.2406 [6.9 s]
Iteration 8 [20.7 s]: HR = 0.6853, NDCG = 0.4049, loss = 0.2367 [6.6 s]
Iteration 9 [20.2 s]: HR = 0.6849, NDCG = 0.4076, loss = 0.2331 [6.3 s]
Iteration 10 [20.2 s]: HR = 0.6884, NDCG = 0.4104, loss = 0.2299 [6.4 s]
Iteration 11 [19.7 s]: HR = 0.6891, NDCG = 0.4139, loss = 0.2269 [6.4 s]
Iteration 12 [20.5 s]: HR = 0.6957, NDCG = 0.4155, loss = 0.2248 [6.3 s]
Iteration 13 [20.2 s]: HR = 0.6914, NDCG = 0.4149, loss = 0.2226 [7.9 s]
Iteration 14 [20.1 s]: HR = 0.6947, NDCG = 0.4146, loss = 0.2208 [6.4 s]
Iteration 15 [19.8 s]: HR = 0.6949, NDCG = 0.4173, loss = 0.2193 [6.4 s]
Iteration 16 [19.7 s]: HR = 0.6950, NDCG = 0.4157, loss = 0.2181 [6.3 s]
Iteration 17 [19.7 s]: HR = 0.6909, NDCG = 0.4153, loss = 0.2173 [6.3 s]
Iteration 18 [19.7 s]: HR = 0.6955, NDCG = 0.4174, loss = 0.2162 [6.5 s]
Iteration 19 [19.9 s]: HR = 0.6922, NDCG = 0.4149, loss = 0.2157 [6.2 s]
Iteration 20 [19.8 s]: HR = 0.6924, NDCG = 0.4153, loss = 0.2150 [6.4 s]
Iteration 21 [19.7 s]: HR = 0.6970, NDCG = 0.4173, loss = 0.2143 [6.3 s]
Iteration 22 [19.6 s]: HR = 0.6927, NDCG = 0.4163, loss = 0.2136 [6.4 s]
Iteration 23 [19.7 s]: HR = 0.6934, NDCG = 0.4168, loss = 0.2133 [6.3 s]
Iteration 24 [19.7 s]: HR = 0.6930, NDCG = 0.4154, loss = 0.2126 [6.4 s]
Iteration 25 [20.1 s]: HR = 0.6925, NDCG = 0.4159, loss = 0.2124 [8.0 s]
Iteration 26 [19.9 s]: HR = 0.6965, NDCG = 0.4171, loss = 0.2119 [6.5 s]
Iteration 27 [19.7 s]: HR = 0.6944, NDCG = 0.4149, loss = 0.2114 [6.4 s]
Iteration 28 [19.9 s]: HR = 0.6916, NDCG = 0.4139, loss = 0.2114 [6.4 s]
Iteration 29 [19.6 s]: HR = 0.6909, NDCG = 0.4152, loss = 0.2108 [6.3 s]
Iteration 30 [19.7 s]: HR = 0.6909, NDCG = 0.4153, loss = 0.2105 [6.4 s]
Iteration 31 [19.8 s]: HR = 0.6940, NDCG = 0.4145, loss = 0.2101 [6.4 s]
Iteration 32 [20.1 s]: HR = 0.6921, NDCG = 0.4125, loss = 0.2102 [7.7 s]
Iteration 33 [19.7 s]: HR = 0.6937, NDCG = 0.4154, loss = 0.2098 [6.7 s]
Iteration 34 [21.0 s]: HR = 0.6932, NDCG = 0.4143, loss = 0.2094 [7.8 s]
Iteration 35 [23.0 s]: HR = 0.6907, NDCG = 0.4135, loss = 0.2092 [9.2 s]
Iteration 36 [21.6 s]: HR = 0.6944, NDCG = 0.4159, loss = 0.2089 [7.9 s]
Iteration 37 [22.2 s]: HR = 0.6909, NDCG = 0.4124, loss = 0.2092 [7.5 s]
Iteration 38 [21.9 s]: HR = 0.6904, NDCG = 0.4142, loss = 0.2087 [8.9 s]
Iteration 39 [23.5 s]: HR = 0.6912, NDCG = 0.4140, loss = 0.2083 [8.0 s]
Iteration 40 [21.4 s]: HR = 0.6927, NDCG = 0.4137, loss = 0.2085 [7.6 s]
Iteration 41 [21.1 s]: HR = 0.6901, NDCG = 0.4123, loss = 0.2082 [7.5 s]
Iteration 42 [21.7 s]: HR = 0.6909, NDCG = 0.4125, loss = 0.2081 [7.6 s]
Iteration 43 [20.8 s]: HR = 0.6899, NDCG = 0.4133, loss = 0.2079 [7.6 s]
Iteration 44 [21.8 s]: HR = 0.6887, NDCG = 0.4127, loss = 0.2076 [8.0 s]
Iteration 45 [22.1 s]: HR = 0.6873, NDCG = 0.4128, loss = 0.2077 [8.1 s]
Iteration 46 [23.2 s]: HR = 0.6929, NDCG = 0.4145, loss = 0.2076 [8.3 s]
Iteration 47 [22.4 s]: HR = 0.6881, NDCG = 0.4114, loss = 0.2075 [9.1 s]
Iteration 48 [22.5 s]: HR = 0.6882, NDCG = 0.4122, loss = 0.2072 [9.9 s]
Iteration 49 [23.5 s]: HR = 0.6907, NDCG = 0.4128, loss = 0.2073 [9.1 s]
Iteration 50 [21.4 s]: HR = 0.6907, NDCG = 0.4108, loss = 0.2071 [8.2 s]
Iteration 51 [24.2 s]: HR = 0.6901, NDCG = 0.4117, loss = 0.2072 [9.7 s]
Iteration 52 [23.2 s]: HR = 0.6897, NDCG = 0.4134, loss = 0.2071 [8.3 s]
Iteration 53 [21.4 s]: HR = 0.6906, NDCG = 0.4139, loss = 0.2068 [8.3 s]
Iteration 54 [21.9 s]: HR = 0.6925, NDCG = 0.4146, loss = 0.2066 [9.0 s]
Iteration 55 [25.9 s]: HR = 0.6904, NDCG = 0.4127, loss = 0.2065 [12.2 s]
Iteration 56 [26.2 s]: HR = 0.6881, NDCG = 0.4135, loss = 0.2065 [8.7 s]
Iteration 57 [21.9 s]: HR = 0.6891, NDCG = 0.4142, loss = 0.2065 [9.2 s]
Iteration 58 [25.6 s]: HR = 0.6884, NDCG = 0.4109, loss = 0.2065 [10.1 s]
Iteration 59 [24.7 s]: HR = 0.6950, NDCG = 0.4135, loss = 0.2063 [8.8 s]
Iteration 60 [24.3 s]: HR = 0.6882, NDCG = 0.4121, loss = 0.2061 [9.2 s]
Iteration 61 [24.3 s]: HR = 0.6912, NDCG = 0.4137, loss = 0.2061 [8.9 s]
Iteration 62 [23.0 s]: HR = 0.6940, NDCG = 0.4135, loss = 0.2060 [9.4 s]
Iteration 63 [24.3 s]: HR = 0.6868, NDCG = 0.4120, loss = 0.2060 [7.5 s]
Iteration 64 [22.6 s]: HR = 0.6912, NDCG = 0.4150, loss = 0.2060 [9.1 s]
Iteration 65 [21.9 s]: HR = 0.6882, NDCG = 0.4137, loss = 0.2058 [7.2 s]
Iteration 66 [21.5 s]: HR = 0.6871, NDCG = 0.4127, loss = 0.2058 [7.2 s]
Iteration 67 [20.3 s]: HR = 0.6902, NDCG = 0.4146, loss = 0.2057 [6.4 s]
Iteration 68 [19.9 s]: HR = 0.6882, NDCG = 0.4131, loss = 0.2057 [6.3 s]
Iteration 69 [21.0 s]: HR = 0.6912, NDCG = 0.4149, loss = 0.2055 [6.6 s]
Iteration 70 [20.6 s]: HR = 0.6874, NDCG = 0.4128, loss = 0.2054 [6.9 s]
Iteration 71 [20.5 s]: HR = 0.6879, NDCG = 0.4122, loss = 0.2056 [7.4 s]
Iteration 72 [20.4 s]: HR = 0.6877, NDCG = 0.4121, loss = 0.2056 [7.2 s]
Iteration 73 [21.3 s]: HR = 0.6879, NDCG = 0.4125, loss = 0.2052 [6.7 s]
Iteration 74 [19.7 s]: HR = 0.6853, NDCG = 0.4118, loss = 0.2051 [6.3 s]
Iteration 75 [19.7 s]: HR = 0.6889, NDCG = 0.4119, loss = 0.2055 [6.3 s]
Iteration 76 [20.8 s]: HR = 0.6897, NDCG = 0.4117, loss = 0.2050 [6.8 s]
Iteration 77 [21.8 s]: HR = 0.6889, NDCG = 0.4107, loss = 0.2050 [7.8 s]
Iteration 78 [21.5 s]: HR = 0.6866, NDCG = 0.4118, loss = 0.2050 [7.8 s]
Iteration 79 [21.7 s]: HR = 0.6881, NDCG = 0.4124, loss = 0.2052 [7.8 s]
Iteration 80 [21.5 s]: HR = 0.6916, NDCG = 0.4138, loss = 0.2051 [7.4 s]
Iteration 81 [21.6 s]: HR = 0.6896, NDCG = 0.4136, loss = 0.2051 [6.3 s]
Iteration 82 [20.5 s]: HR = 0.6896, NDCG = 0.4129, loss = 0.2047 [6.3 s]
Iteration 83 [20.8 s]: HR = 0.6844, NDCG = 0.4127, loss = 0.2049 [9.5 s]
Iteration 84 [21.0 s]: HR = 0.6858, NDCG = 0.4118, loss = 0.2049 [8.2 s]
Iteration 85 [21.2 s]: HR = 0.6849, NDCG = 0.4115, loss = 0.2045 [7.6 s]
Iteration 86 [22.5 s]: HR = 0.6856, NDCG = 0.4114, loss = 0.2046 [7.3 s]
Iteration 87 [21.0 s]: HR = 0.6843, NDCG = 0.4125, loss = 0.2049 [7.2 s]
Iteration 88 [20.8 s]: HR = 0.6876, NDCG = 0.4129, loss = 0.2047 [7.9 s]
Iteration 89 [22.5 s]: HR = 0.6882, NDCG = 0.4126, loss = 0.2047 [6.8 s]
Iteration 90 [23.1 s]: HR = 0.6876, NDCG = 0.4126, loss = 0.2044 [6.9 s]
Iteration 91 [24.0 s]: HR = 0.6869, NDCG = 0.4125, loss = 0.2044 [6.7 s]
Iteration 92 [21.7 s]: HR = 0.6879, NDCG = 0.4139, loss = 0.2044 [6.6 s]
Iteration 93 [21.8 s]: HR = 0.6849, NDCG = 0.4108, loss = 0.2043 [8.9 s]
Iteration 94 [22.0 s]: HR = 0.6866, NDCG = 0.4112, loss = 0.2046 [7.3 s]
Iteration 95 [20.1 s]: HR = 0.6848, NDCG = 0.4117, loss = 0.2043 [6.3 s]
Iteration 96 [20.7 s]: HR = 0.6876, NDCG = 0.4130, loss = 0.2045 [7.4 s]
Iteration 97 [22.3 s]: HR = 0.6843, NDCG = 0.4119, loss = 0.2045 [8.6 s]
Iteration 98 [21.3 s]: HR = 0.6841, NDCG = 0.4110, loss = 0.2043 [7.4 s]
Iteration 99 [20.7 s]: HR = 0.6891, NDCG = 0.4147, loss = 0.2042 [6.9 s]
End. Best Iteration 21:  HR = 0.6970, NDCG = 0.4173.
4.Iteration 0 [14.8 s]: HR = 0.4879, NDCG = 0.2743, loss = 0.4575 [4.3 s]
Iteration 1 [14.1 s]: HR = 0.6068, NDCG = 0.3446, loss = 0.2985 [4.4 s]
Iteration 2 [14.2 s]: HR = 0.6447, NDCG = 0.3746, loss = 0.2657 [4.6 s]
Iteration 3 [14.4 s]: HR = 0.6656, NDCG = 0.3899, loss = 0.2491 [4.5 s]
Iteration 4 [14.0 s]: HR = 0.6803, NDCG = 0.4003, loss = 0.2382 [4.4 s]
Iteration 5 [14.2 s]: HR = 0.6816, NDCG = 0.4051, loss = 0.2291 [4.4 s]
Iteration 6 [14.4 s]: HR = 0.6911, NDCG = 0.4104, loss = 0.2221 [4.3 s]
Iteration 7 [14.1 s]: HR = 0.6916, NDCG = 0.4122, loss = 0.2155 [4.4 s]
Iteration 8 [14.4 s]: HR = 0.6906, NDCG = 0.4143, loss = 0.2094 [4.5 s]
Iteration 9 [14.4 s]: HR = 0.6917, NDCG = 0.4140, loss = 0.2042 [4.5 s]
Iteration 10 [14.1 s]: HR = 0.6902, NDCG = 0.4144, loss = 0.1999 [4.4 s]
Iteration 11 [14.1 s]: HR = 0.6889, NDCG = 0.4151, loss = 0.1966 [4.4 s]
Iteration 12 [14.1 s]: HR = 0.6889, NDCG = 0.4145, loss = 0.1929 [4.4 s]
Iteration 13 [14.2 s]: HR = 0.6868, NDCG = 0.4122, loss = 0.1902 [4.4 s]
Iteration 14 [14.1 s]: HR = 0.6834, NDCG = 0.4120, loss = 0.1883 [4.4 s]
Iteration 15 [14.3 s]: HR = 0.6829, NDCG = 0.4111, loss = 0.1865 [4.4 s]
Iteration 16 [14.1 s]: HR = 0.6816, NDCG = 0.4109, loss = 0.1851 [4.4 s]
Iteration 17 [14.4 s]: HR = 0.6811, NDCG = 0.4090, loss = 0.1837 [4.4 s]
Iteration 18 [14.2 s]: HR = 0.6800, NDCG = 0.4099, loss = 0.1825 [4.6 s]
Iteration 19 [14.3 s]: HR = 0.6805, NDCG = 0.4091, loss = 0.1815 [4.4 s]
Iteration 20 [14.2 s]: HR = 0.6780, NDCG = 0.4089, loss = 0.1803 [4.4 s]
Iteration 21 [14.3 s]: HR = 0.6793, NDCG = 0.4104, loss = 0.1792 [4.6 s]
Iteration 22 [14.2 s]: HR = 0.6805, NDCG = 0.4095, loss = 0.1786 [4.4 s]
Iteration 23 [14.2 s]: HR = 0.6796, NDCG = 0.4086, loss = 0.1778 [4.4 s]
Iteration 24 [14.2 s]: HR = 0.6775, NDCG = 0.4090, loss = 0.1769 [4.4 s]
Iteration 25 [14.3 s]: HR = 0.6763, NDCG = 0.4080, loss = 0.1764 [4.5 s]
Iteration 26 [14.3 s]: HR = 0.6776, NDCG = 0.4091, loss = 0.1761 [4.4 s]
Iteration 27 [14.1 s]: HR = 0.6778, NDCG = 0.4075, loss = 0.1753 [4.4 s]
Iteration 28 [14.1 s]: HR = 0.6781, NDCG = 0.4072, loss = 0.1750 [4.4 s]
Iteration 29 [14.7 s]: HR = 0.6735, NDCG = 0.4081, loss = 0.1744 [4.4 s]
Iteration 30 [14.0 s]: HR = 0.6765, NDCG = 0.4066, loss = 0.1737 [4.4 s]
Iteration 31 [14.5 s]: HR = 0.6752, NDCG = 0.4068, loss = 0.1735 [4.5 s]
Iteration 32 [14.2 s]: HR = 0.6742, NDCG = 0.4071, loss = 0.1732 [4.4 s]
Iteration 33 [14.3 s]: HR = 0.6719, NDCG = 0.4052, loss = 0.1727 [4.4 s]
Iteration 34 [14.2 s]: HR = 0.6735, NDCG = 0.4061, loss = 0.1724 [4.4 s]
Iteration 35 [14.2 s]: HR = 0.6714, NDCG = 0.4046, loss = 0.1720 [4.6 s]
Iteration 36 [14.3 s]: HR = 0.6728, NDCG = 0.4057, loss = 0.1716 [4.4 s]
Iteration 37 [14.1 s]: HR = 0.6724, NDCG = 0.4049, loss = 0.1715 [4.4 s]
Iteration 38 [14.2 s]: HR = 0.6748, NDCG = 0.4054, loss = 0.1709 [4.5 s]
Iteration 39 [14.2 s]: HR = 0.6735, NDCG = 0.4056, loss = 0.1705 [4.4 s]
Iteration 40 [14.1 s]: HR = 0.6737, NDCG = 0.4052, loss = 0.1705 [4.3 s]
Iteration 41 [14.4 s]: HR = 0.6715, NDCG = 0.4035, loss = 0.1704 [4.4 s]
Iteration 42 [14.0 s]: HR = 0.6733, NDCG = 0.4055, loss = 0.1698 [4.3 s]
Iteration 43 [14.1 s]: HR = 0.6717, NDCG = 0.4052, loss = 0.1695 [4.4 s]
Iteration 44 [14.1 s]: HR = 0.6714, NDCG = 0.4038, loss = 0.1693 [4.4 s]
Iteration 45 [14.1 s]: HR = 0.6700, NDCG = 0.4020, loss = 0.1694 [4.4 s]
Iteration 46 [14.1 s]: HR = 0.6690, NDCG = 0.4022, loss = 0.1693 [4.4 s]
Iteration 47 [14.2 s]: HR = 0.6700, NDCG = 0.4028, loss = 0.1689 [4.4 s]
Iteration 48 [14.4 s]: HR = 0.6710, NDCG = 0.4017, loss = 0.1687 [4.4 s]
Iteration 49 [14.2 s]: HR = 0.6709, NDCG = 0.4041, loss = 0.1686 [4.4 s]
Iteration 50 [14.1 s]: HR = 0.6702, NDCG = 0.4024, loss = 0.1680 [4.4 s]
Iteration 51 [14.1 s]: HR = 0.6717, NDCG = 0.4021, loss = 0.1679 [4.5 s]
Iteration 52 [14.3 s]: HR = 0.6735, NDCG = 0.4049, loss = 0.1681 [4.4 s]
Iteration 53 [14.2 s]: HR = 0.6687, NDCG = 0.4005, loss = 0.1678 [4.4 s]
Iteration 54 [14.4 s]: HR = 0.6705, NDCG = 0.4029, loss = 0.1675 [5.0 s]
Iteration 55 [14.4 s]: HR = 0.6724, NDCG = 0.4016, loss = 0.1675 [4.5 s]
Iteration 56 [14.1 s]: HR = 0.6687, NDCG = 0.4029, loss = 0.1675 [4.5 s]
Iteration 57 [14.4 s]: HR = 0.6664, NDCG = 0.4008, loss = 0.1668 [4.4 s]
Iteration 58 [14.8 s]: HR = 0.6667, NDCG = 0.4014, loss = 0.1669 [4.4 s]
Iteration 59 [14.1 s]: HR = 0.6695, NDCG = 0.4004, loss = 0.1667 [4.5 s]
Iteration 60 [14.3 s]: HR = 0.6677, NDCG = 0.4013, loss = 0.1666 [4.4 s]
Iteration 61 [14.1 s]: HR = 0.6666, NDCG = 0.3984, loss = 0.1663 [4.4 s]
Iteration 62 [14.3 s]: HR = 0.6637, NDCG = 0.3995, loss = 0.1664 [4.6 s]
Iteration 63 [14.3 s]: HR = 0.6656, NDCG = 0.3988, loss = 0.1661 [4.5 s]
Iteration 64 [14.4 s]: HR = 0.6679, NDCG = 0.4011, loss = 0.1659 [4.5 s]
Iteration 65 [14.1 s]: HR = 0.6699, NDCG = 0.4015, loss = 0.1660 [4.4 s]
Iteration 66 [14.3 s]: HR = 0.6694, NDCG = 0.4011, loss = 0.1658 [4.4 s]
Iteration 67 [14.1 s]: HR = 0.6717, NDCG = 0.4005, loss = 0.1658 [4.4 s]
Iteration 68 [14.3 s]: HR = 0.6705, NDCG = 0.4020, loss = 0.1656 [4.4 s]
Iteration 69 [14.1 s]: HR = 0.6705, NDCG = 0.4006, loss = 0.1653 [4.4 s]
Iteration 70 [14.3 s]: HR = 0.6695, NDCG = 0.3981, loss = 0.1652 [4.4 s]
Iteration 71 [14.1 s]: HR = 0.6725, NDCG = 0.4006, loss = 0.1652 [4.4 s]
Iteration 72 [14.3 s]: HR = 0.6720, NDCG = 0.3990, loss = 0.1651 [4.6 s]
Iteration 73 [14.2 s]: HR = 0.6709, NDCG = 0.3994, loss = 0.1649 [4.4 s]
Iteration 74 [14.2 s]: HR = 0.6704, NDCG = 0.3995, loss = 0.1647 [4.4 s]
Iteration 75 [14.4 s]: HR = 0.6679, NDCG = 0.3983, loss = 0.1649 [4.5 s]
Iteration 76 [14.1 s]: HR = 0.6692, NDCG = 0.3988, loss = 0.1647 [4.4 s]
Iteration 77 [14.3 s]: HR = 0.6657, NDCG = 0.3983, loss = 0.1645 [4.7 s]
Iteration 78 [14.2 s]: HR = 0.6679, NDCG = 0.3999, loss = 0.1645 [4.4 s]
Iteration 79 [14.2 s]: HR = 0.6642, NDCG = 0.3981, loss = 0.1644 [4.4 s]
Iteration 80 [14.1 s]: HR = 0.6661, NDCG = 0.3980, loss = 0.1643 [4.4 s]
Iteration 81 [14.4 s]: HR = 0.6639, NDCG = 0.3992, loss = 0.1644 [4.4 s]
Iteration 82 [14.1 s]: HR = 0.6647, NDCG = 0.4006, loss = 0.1640 [4.4 s]
Iteration 83 [14.3 s]: HR = 0.6662, NDCG = 0.4012, loss = 0.1640 [4.4 s]
Iteration 84 [14.3 s]: HR = 0.6641, NDCG = 0.3993, loss = 0.1639 [4.6 s]
Iteration 85 [14.1 s]: HR = 0.6674, NDCG = 0.4003, loss = 0.1638 [4.4 s]
Iteration 86 [14.4 s]: HR = 0.6674, NDCG = 0.4008, loss = 0.1639 [4.5 s]
Iteration 87 [14.1 s]: HR = 0.6661, NDCG = 0.3992, loss = 0.1637 [4.4 s]
Iteration 88 [14.3 s]: HR = 0.6674, NDCG = 0.3976, loss = 0.1638 [4.4 s]
Iteration 89 [14.7 s]: HR = 0.6659, NDCG = 0.3979, loss = 0.1636 [4.4 s]
Iteration 90 [14.1 s]: HR = 0.6674, NDCG = 0.3990, loss = 0.1634 [4.4 s]
Iteration 91 [14.2 s]: HR = 0.6659, NDCG = 0.3999, loss = 0.1635 [4.6 s]
Iteration 92 [14.1 s]: HR = 0.6641, NDCG = 0.3983, loss = 0.1634 [4.4 s]
Iteration 93 [14.3 s]: HR = 0.6636, NDCG = 0.3986, loss = 0.1633 [4.6 s]
Iteration 94 [14.2 s]: HR = 0.6657, NDCG = 0.3984, loss = 0.1630 [4.7 s]
Iteration 95 [14.8 s]: HR = 0.6641, NDCG = 0.3992, loss = 0.1631 [4.4 s]
Iteration 96 [14.2 s]: HR = 0.6694, NDCG = 0.3991, loss = 0.1628 [4.4 s]
Iteration 97 [14.4 s]: HR = 0.6666, NDCG = 0.3994, loss = 0.1627 [4.5 s]
Iteration 98 [14.8 s]: HR = 0.6671, NDCG = 0.3978, loss = 0.1629 [4.4 s]
Iteration 99 [14.3 s]: HR = 0.6687, NDCG = 0.4006, loss = 0.1626 [4.4 s]
End. Best Iteration 9:  HR = 0.6917, NDCG = 0.4140.
5.
Iteration 0 [23.3 s]: HR = 0.4495, NDCG = 0.2504, loss = 0.3740 [10.9 s]
Iteration 1 [22.0 s]: HR = 0.4882, NDCG = 0.2722, loss = 0.3458 [10.5 s]
Iteration 2 [22.2 s]: HR = 0.5344, NDCG = 0.3006, loss = 0.3227 [10.8 s]
Iteration 3 [22.0 s]: HR = 0.5637, NDCG = 0.3152, loss = 0.3090 [10.8 s]
Iteration 4 [22.3 s]: HR = 0.5904, NDCG = 0.3311, loss = 0.2954 [10.1 s]
Iteration 5 [22.4 s]: HR = 0.6035, NDCG = 0.3415, loss = 0.2861 [10.7 s]
Iteration 6 [22.1 s]: HR = 0.6083, NDCG = 0.3452, loss = 0.2794 [10.5 s]
Iteration 7 [21.9 s]: HR = 0.6217, NDCG = 0.3561, loss = 0.2745 [10.7 s]
Iteration 8 [23.5 s]: HR = 0.6286, NDCG = 0.3598, loss = 0.2710 [10.8 s]
Iteration 9 [21.9 s]: HR = 0.6325, NDCG = 0.3631, loss = 0.2676 [10.5 s]
Iteration 10 [22.4 s]: HR = 0.6399, NDCG = 0.3669, loss = 0.2652 [10.8 s]
Iteration 11 [24.9 s]: HR = 0.6416, NDCG = 0.3677, loss = 0.2631 [10.6 s]
Iteration 12 [22.8 s]: HR = 0.6394, NDCG = 0.3680, loss = 0.2613 [10.8 s]
Iteration 13 [22.2 s]: HR = 0.6411, NDCG = 0.3704, loss = 0.2595 [10.6 s]
Iteration 14 [22.2 s]: HR = 0.6427, NDCG = 0.3736, loss = 0.2584 [9.9 s]
Iteration 15 [22.2 s]: HR = 0.6425, NDCG = 0.3691, loss = 0.2567 [11.0 s]
Iteration 16 [24.1 s]: HR = 0.6535, NDCG = 0.3766, loss = 0.2558 [10.4 s]
Iteration 17 [22.5 s]: HR = 0.6455, NDCG = 0.3726, loss = 0.2545 [10.3 s]
Iteration 18 [22.4 s]: HR = 0.6505, NDCG = 0.3760, loss = 0.2536 [10.5 s]
Iteration 19 [22.1 s]: HR = 0.6492, NDCG = 0.3753, loss = 0.2527 [10.7 s]
Iteration 20 [21.7 s]: HR = 0.6543, NDCG = 0.3798, loss = 0.2518 [10.3 s]
Iteration 21 [22.1 s]: HR = 0.6500, NDCG = 0.3763, loss = 0.2510 [10.7 s]
Iteration 22 [22.1 s]: HR = 0.6474, NDCG = 0.3763, loss = 0.2507 [10.3 s]
Iteration 23 [23.5 s]: HR = 0.6530, NDCG = 0.3781, loss = 0.2500 [10.5 s]
Iteration 24 [22.1 s]: HR = 0.6530, NDCG = 0.3780, loss = 0.2494 [10.4 s]
Iteration 25 [22.0 s]: HR = 0.6493, NDCG = 0.3775, loss = 0.2490 [10.3 s]
Iteration 26 [22.2 s]: HR = 0.6526, NDCG = 0.3798, loss = 0.2487 [10.3 s]
Iteration 27 [22.3 s]: HR = 0.6513, NDCG = 0.3789, loss = 0.2481 [10.3 s]
Iteration 28 [21.9 s]: HR = 0.6507, NDCG = 0.3797, loss = 0.2476 [10.4 s]
Iteration 29 [22.0 s]: HR = 0.6512, NDCG = 0.3806, loss = 0.2473 [10.7 s]
Iteration 30 [21.9 s]: HR = 0.6520, NDCG = 0.3798, loss = 0.2468 [10.3 s]
Iteration 31 [22.0 s]: HR = 0.6518, NDCG = 0.3786, loss = 0.2466 [10.6 s]
Iteration 32 [22.3 s]: HR = 0.6543, NDCG = 0.3811, loss = 0.2464 [10.5 s]
Iteration 33 [22.2 s]: HR = 0.6495, NDCG = 0.3783, loss = 0.2459 [10.5 s]
Iteration 34 [22.2 s]: HR = 0.6503, NDCG = 0.3800, loss = 0.2456 [10.7 s]
Iteration 35 [22.3 s]: HR = 0.6525, NDCG = 0.3814, loss = 0.2458 [10.4 s]
Iteration 36 [22.1 s]: HR = 0.6560, NDCG = 0.3836, loss = 0.2452 [10.9 s]
Iteration 37 [22.1 s]: HR = 0.6500, NDCG = 0.3793, loss = 0.2449 [10.4 s]
Iteration 38 [22.3 s]: HR = 0.6525, NDCG = 0.3793, loss = 0.2445 [10.6 s]
Iteration 39 [22.4 s]: HR = 0.6522, NDCG = 0.3786, loss = 0.2443 [10.3 s]
Iteration 40 [22.4 s]: HR = 0.6536, NDCG = 0.3797, loss = 0.2444 [10.3 s]
Iteration 41 [22.3 s]: HR = 0.6530, NDCG = 0.3807, loss = 0.2439 [10.2 s]
Iteration 42 [22.3 s]: HR = 0.6526, NDCG = 0.3797, loss = 0.2438 [10.4 s]
Iteration 43 [22.3 s]: HR = 0.6558, NDCG = 0.3816, loss = 0.2435 [10.5 s]
Iteration 44 [22.1 s]: HR = 0.6589, NDCG = 0.3824, loss = 0.2435 [10.7 s]
Iteration 45 [22.1 s]: HR = 0.6505, NDCG = 0.3798, loss = 0.2433 [10.4 s]
Iteration 46 [22.2 s]: HR = 0.6518, NDCG = 0.3794, loss = 0.2432 [10.7 s]
Iteration 47 [22.5 s]: HR = 0.6525, NDCG = 0.3832, loss = 0.2427 [10.3 s]
Iteration 48 [22.0 s]: HR = 0.6505, NDCG = 0.3811, loss = 0.2426 [10.4 s]
Iteration 49 [22.3 s]: HR = 0.6523, NDCG = 0.3816, loss = 0.2425 [10.8 s]
Iteration 50 [22.5 s]: HR = 0.6507, NDCG = 0.3806, loss = 0.2424 [10.8 s]
Iteration 51 [22.4 s]: HR = 0.6474, NDCG = 0.3799, loss = 0.2421 [10.3 s]
Iteration 52 [22.2 s]: HR = 0.6530, NDCG = 0.3825, loss = 0.2422 [10.4 s]
Iteration 53 [21.9 s]: HR = 0.6528, NDCG = 0.3805, loss = 0.2421 [10.5 s]
Iteration 54 [22.0 s]: HR = 0.6561, NDCG = 0.3820, loss = 0.2418 [10.7 s]
Iteration 55 [22.2 s]: HR = 0.6508, NDCG = 0.3805, loss = 0.2414 [10.3 s]
Iteration 56 [22.0 s]: HR = 0.6535, NDCG = 0.3818, loss = 0.2416 [10.1 s]
Iteration 57 [21.9 s]: HR = 0.6497, NDCG = 0.3815, loss = 0.2415 [10.4 s]
Iteration 58 [22.0 s]: HR = 0.6545, NDCG = 0.3824, loss = 0.2413 [10.0 s]
Iteration 59 [22.2 s]: HR = 0.6518, NDCG = 0.3803, loss = 0.2409 [10.6 s]
Iteration 60 [23.6 s]: HR = 0.6551, NDCG = 0.3813, loss = 0.2412 [10.8 s]
Iteration 61 [22.2 s]: HR = 0.6518, NDCG = 0.3807, loss = 0.2411 [10.3 s]
Iteration 62 [22.0 s]: HR = 0.6523, NDCG = 0.3792, loss = 0.2409 [10.3 s]
Iteration 63 [22.1 s]: HR = 0.6530, NDCG = 0.3801, loss = 0.2407 [10.4 s]
Iteration 64 [22.0 s]: HR = 0.6560, NDCG = 0.3816, loss = 0.2408 [10.4 s]
Iteration 65 [22.1 s]: HR = 0.6520, NDCG = 0.3798, loss = 0.2404 [10.2 s]
Iteration 66 [21.8 s]: HR = 0.6513, NDCG = 0.3777, loss = 0.2403 [10.7 s]
Iteration 67 [22.2 s]: HR = 0.6575, NDCG = 0.3816, loss = 0.2401 [10.5 s]
Iteration 68 [21.8 s]: HR = 0.6495, NDCG = 0.3789, loss = 0.2401 [10.1 s]
Iteration 69 [21.9 s]: HR = 0.6526, NDCG = 0.3799, loss = 0.2400 [10.4 s]
Iteration 70 [22.2 s]: HR = 0.6531, NDCG = 0.3798, loss = 0.2398 [10.4 s]
Iteration 71 [21.9 s]: HR = 0.6518, NDCG = 0.3800, loss = 0.2400 [10.5 s]
Iteration 72 [22.3 s]: HR = 0.6495, NDCG = 0.3786, loss = 0.2397 [10.7 s]
Iteration 73 [22.2 s]: HR = 0.6526, NDCG = 0.3807, loss = 0.2398 [10.4 s]
Iteration 74 [23.5 s]: HR = 0.6540, NDCG = 0.3798, loss = 0.2396 [10.7 s]
Iteration 75 [23.5 s]: HR = 0.6497, NDCG = 0.3775, loss = 0.2395 [10.3 s]
Iteration 76 [22.3 s]: HR = 0.6507, NDCG = 0.3814, loss = 0.2395 [10.7 s]
Iteration 77 [22.2 s]: HR = 0.6526, NDCG = 0.3806, loss = 0.2393 [10.7 s]
Iteration 78 [23.0 s]: HR = 0.6531, NDCG = 0.3815, loss = 0.2392 [10.2 s]
Iteration 79 [22.7 s]: HR = 0.6526, NDCG = 0.3810, loss = 0.2393 [10.5 s]
Iteration 80 [22.5 s]: HR = 0.6520, NDCG = 0.3792, loss = 0.2391 [10.5 s]
Iteration 81 [22.2 s]: HR = 0.6541, NDCG = 0.3821, loss = 0.2393 [10.5 s]
Iteration 82 [22.1 s]: HR = 0.6497, NDCG = 0.3798, loss = 0.2390 [10.2 s]
Iteration 83 [22.3 s]: HR = 0.6477, NDCG = 0.3792, loss = 0.2389 [10.4 s]
Iteration 84 [22.5 s]: HR = 0.6512, NDCG = 0.3806, loss = 0.2388 [10.6 s]
Iteration 85 [22.2 s]: HR = 0.6550, NDCG = 0.3841, loss = 0.2387 [10.5 s]
Iteration 86 [22.0 s]: HR = 0.6525, NDCG = 0.3812, loss = 0.2386 [10.4 s]
Iteration 87 [23.6 s]: HR = 0.6517, NDCG = 0.3815, loss = 0.2383 [10.6 s]
Iteration 88 [22.5 s]: HR = 0.6522, NDCG = 0.3805, loss = 0.2385 [10.6 s]
Iteration 89 [22.1 s]: HR = 0.6497, NDCG = 0.3801, loss = 0.2382 [10.6 s]
Iteration 90 [22.1 s]: HR = 0.6510, NDCG = 0.3793, loss = 0.2386 [10.7 s]
Iteration 91 [21.9 s]: HR = 0.6517, NDCG = 0.3791, loss = 0.2383 [10.6 s]
Iteration 92 [22.4 s]: HR = 0.6522, NDCG = 0.3814, loss = 0.2384 [10.4 s]
Iteration 93 [21.8 s]: HR = 0.6512, NDCG = 0.3805, loss = 0.2380 [10.5 s]
Iteration 94 [22.3 s]: HR = 0.6503, NDCG = 0.3794, loss = 0.2381 [10.4 s]
Iteration 95 [22.1 s]: HR = 0.6488, NDCG = 0.3788, loss = 0.2380 [10.5 s]
Iteration 96 [22.0 s]: HR = 0.6528, NDCG = 0.3805, loss = 0.2379 [10.8 s]
Iteration 97 [22.5 s]: HR = 0.6533, NDCG = 0.3797, loss = 0.2378 [10.6 s]
Iteration 98 [22.6 s]: HR = 0.6528, NDCG = 0.3797, loss = 0.2379 [10.5 s]
Iteration 99 [22.8 s]: HR = 0.6507, NDCG = 0.3801, loss = 0.2377 [10.7 s]
End. Best Iteration 44:  HR = 0.6589, NDCG = 0.3824.
7.
Iteration 0 [15.5 s]: HR = 0.5018, NDCG = 0.2799, loss = 0.3593 [4.7 s]
Iteration 1 [15.0 s]: HR = 0.5919, NDCG = 0.3340, loss = 0.3064 [5.2 s]
Iteration 2 [15.0 s]: HR = 0.6291, NDCG = 0.3606, loss = 0.2798 [5.2 s]
Iteration 3 [15.0 s]: HR = 0.6515, NDCG = 0.3771, loss = 0.2652 [4.8 s]
Iteration 4 [14.9 s]: HR = 0.6664, NDCG = 0.3880, loss = 0.2549 [4.9 s]
Iteration 5 [15.0 s]: HR = 0.6770, NDCG = 0.3991, loss = 0.2467 [4.8 s]
Iteration 6 [15.0 s]: HR = 0.6760, NDCG = 0.3972, loss = 0.2400 [4.7 s]
Iteration 7 [15.0 s]: HR = 0.6844, NDCG = 0.4038, loss = 0.2344 [4.8 s]
Iteration 8 [14.8 s]: HR = 0.6808, NDCG = 0.4039, loss = 0.2294 [4.8 s]
Iteration 9 [14.7 s]: HR = 0.6834, NDCG = 0.4080, loss = 0.2246 [4.7 s]
Iteration 10 [14.9 s]: HR = 0.6810, NDCG = 0.4075, loss = 0.2204 [4.7 s]
Iteration 11 [15.0 s]: HR = 0.6806, NDCG = 0.4094, loss = 0.2165 [4.8 s]
Iteration 12 [14.7 s]: HR = 0.6798, NDCG = 0.4063, loss = 0.2128 [4.7 s]
Iteration 13 [16.5 s]: HR = 0.6810, NDCG = 0.4082, loss = 0.2096 [4.7 s]
Iteration 14 [14.9 s]: HR = 0.6758, NDCG = 0.4031, loss = 0.2066 [4.8 s]
Iteration 15 [15.0 s]: HR = 0.6661, NDCG = 0.4013, loss = 0.2037 [5.1 s]
Iteration 16 [14.9 s]: HR = 0.6682, NDCG = 0.4001, loss = 0.2012 [4.7 s]
Iteration 17 [14.9 s]: HR = 0.6639, NDCG = 0.3988, loss = 0.1989 [4.8 s]
Iteration 18 [15.0 s]: HR = 0.6712, NDCG = 0.4035, loss = 0.1967 [5.1 s]
Iteration 19 [14.9 s]: HR = 0.6641, NDCG = 0.3975, loss = 0.1948 [4.8 s]
Iteration 20 [14.8 s]: HR = 0.6699, NDCG = 0.4001, loss = 0.1927 [4.7 s]
Iteration 21 [14.8 s]: HR = 0.6583, NDCG = 0.3948, loss = 0.1908 [4.7 s]
Iteration 22 [14.8 s]: HR = 0.6584, NDCG = 0.3957, loss = 0.1892 [4.7 s]
Iteration 23 [15.0 s]: HR = 0.6603, NDCG = 0.3978, loss = 0.1876 [5.1 s]
Iteration 24 [14.7 s]: HR = 0.6588, NDCG = 0.3958, loss = 0.1861 [4.7 s]
Iteration 25 [15.0 s]: HR = 0.6536, NDCG = 0.3928, loss = 0.1849 [4.8 s]
Iteration 26 [15.0 s]: HR = 0.6565, NDCG = 0.3935, loss = 0.1833 [4.8 s]
Iteration 27 [14.8 s]: HR = 0.6500, NDCG = 0.3898, loss = 0.1823 [4.7 s]
Iteration 28 [14.9 s]: HR = 0.6531, NDCG = 0.3887, loss = 0.1812 [4.9 s]
Iteration 29 [15.1 s]: HR = 0.6450, NDCG = 0.3874, loss = 0.1797 [4.8 s]
Iteration 30 [14.8 s]: HR = 0.6417, NDCG = 0.3863, loss = 0.1788 [4.8 s]
Iteration 31 [15.0 s]: HR = 0.6445, NDCG = 0.3861, loss = 0.1779 [5.1 s]
Iteration 32 [15.0 s]: HR = 0.6454, NDCG = 0.3877, loss = 0.1771 [5.0 s]
Iteration 33 [14.8 s]: HR = 0.6424, NDCG = 0.3854, loss = 0.1759 [4.8 s]
Iteration 34 [14.9 s]: HR = 0.6417, NDCG = 0.3884, loss = 0.1752 [4.8 s]
Iteration 35 [14.9 s]: HR = 0.6427, NDCG = 0.3828, loss = 0.1741 [4.7 s]
Iteration 36 [14.8 s]: HR = 0.6358, NDCG = 0.3831, loss = 0.1738 [4.8 s]
Iteration 37 [14.8 s]: HR = 0.6397, NDCG = 0.3823, loss = 0.1729 [4.9 s]
Iteration 38 [15.1 s]: HR = 0.6377, NDCG = 0.3836, loss = 0.1723 [5.0 s]
Iteration 39 [15.5 s]: HR = 0.6391, NDCG = 0.3839, loss = 0.1715 [4.9 s]
End. Best Iteration 7:  HR = 0.6844, NDCG = 0.4038.
13.
Iteration 0 [21.0 s]: HR = 0.6276, NDCG = 0.3394, loss = 0.3933 [43.0 s]
Iteration 1 [19.9 s]: HR = 0.7307, NDCG = 0.4064, loss = 0.2666 [43.2 s]
Iteration 2 [20.2 s]: HR = 0.7772, NDCG = 0.4434, loss = 0.2363 [43.5 s]
Iteration 3 [20.2 s]: HR = 0.7998, NDCG = 0.4688, loss = 0.2170 [43.3 s]
Iteration 4 [20.0 s]: HR = 0.8170, NDCG = 0.4852, loss = 0.2040 [43.2 s]
Iteration 5 [20.6 s]: HR = 0.8258, NDCG = 0.4963, loss = 0.1950 [43.3 s]
Iteration 6 [20.2 s]: HR = 0.8308, NDCG = 0.5004, loss = 0.1883 [43.3 s]
Iteration 7 [20.2 s]: HR = 0.8370, NDCG = 0.5084, loss = 0.1831 [43.7 s]
Iteration 8 [19.9 s]: HR = 0.8363, NDCG = 0.5074, loss = 0.1785 [43.2 s]
Iteration 9 [20.0 s]: HR = 0.8405, NDCG = 0.5114, loss = 0.1748 [43.1 s]
Iteration 10 [20.6 s]: HR = 0.8432, NDCG = 0.5142, loss = 0.1715 [43.3 s]
Iteration 11 [19.9 s]: HR = 0.8425, NDCG = 0.5161, loss = 0.1688 [43.2 s]
Iteration 12 [20.2 s]: HR = 0.8413, NDCG = 0.5152, loss = 0.1660 [43.7 s]
Iteration 13 [20.3 s]: HR = 0.8420, NDCG = 0.5164, loss = 0.1636 [43.5 s]
Iteration 14 [20.3 s]: HR = 0.8422, NDCG = 0.5168, loss = 0.1612 [43.7 s]
Iteration 15 [20.0 s]: HR = 0.8422, NDCG = 0.5185, loss = 0.1590 [43.1 s]
Iteration 16 [19.9 s]: HR = 0.8417, NDCG = 0.5169, loss = 0.1571 [43.1 s]
Iteration 17 [20.2 s]: HR = 0.8419, NDCG = 0.5196, loss = 0.1553 [43.1 s]
Iteration 18 [21.4 s]: HR = 0.8405, NDCG = 0.5175, loss = 0.1535 [43.2 s]
Iteration 19 [20.1 s]: HR = 0.8427, NDCG = 0.5210, loss = 0.1519 [43.2 s]
Iteration 20 [20.6 s]: HR = 0.8427, NDCG = 0.5208, loss = 0.1501 [43.5 s]
Iteration 21 [20.3 s]: HR = 0.8399, NDCG = 0.5192, loss = 0.1488 [43.2 s]
Iteration 22 [20.0 s]: HR = 0.8378, NDCG = 0.5178, loss = 0.1475 [43.2 s]
Iteration 23 [20.1 s]: HR = 0.8385, NDCG = 0.5187, loss = 0.1463 [43.4 s]
Iteration 24 [19.9 s]: HR = 0.8385, NDCG = 0.5183, loss = 0.1452 [43.2 s]
Iteration 25 [20.4 s]: HR = 0.8394, NDCG = 0.5195, loss = 0.1441 [43.9 s]
Iteration 26 [20.0 s]: HR = 0.8371, NDCG = 0.5190, loss = 0.1427 [43.4 s]
Iteration 27 [20.0 s]: HR = 0.8391, NDCG = 0.5205, loss = 0.1420 [43.1 s]
Iteration 28 [20.0 s]: HR = 0.8350, NDCG = 0.5168, loss = 0.1409 [43.2 s]
Iteration 29 [20.1 s]: HR = 0.8344, NDCG = 0.5175, loss = 0.1401 [43.2 s]
Iteration 30 [20.2 s]: HR = 0.8350, NDCG = 0.5173, loss = 0.1392 [43.5 s]
Iteration 31 [20.4 s]: HR = 0.8357, NDCG = 0.5174, loss = 0.1386 [43.4 s]
Iteration 32 [20.0 s]: HR = 0.8353, NDCG = 0.5184, loss = 0.1376 [43.2 s]
Iteration 33 [20.4 s]: HR = 0.8333, NDCG = 0.5161, loss = 0.1368 [43.3 s]
Iteration 34 [20.0 s]: HR = 0.8336, NDCG = 0.5164, loss = 0.1362 [43.3 s]
Iteration 35 [20.3 s]: HR = 0.8327, NDCG = 0.5163, loss = 0.1354 [43.5 s]
Iteration 36 [20.2 s]: HR = 0.8324, NDCG = 0.5149, loss = 0.1346 [43.4 s]
Iteration 37 [19.9 s]: HR = 0.8334, NDCG = 0.5166, loss = 0.1342 [43.2 s]
Iteration 38 [20.1 s]: HR = 0.8346, NDCG = 0.5172, loss = 0.1336 [43.2 s]
Iteration 39 [20.4 s]: HR = 0.8303, NDCG = 0.5148, loss = 0.1328 [43.8 s]
End. Best Iteration 10:  HR = 0.8432, NDCG = 0.5142.
12.
Iteration 0 [34.5 s]: HR = 0.3845, NDCG = 0.2104, loss = 0.5511 [85.1 s]
Iteration 1 [33.1 s]: HR = 0.8323, NDCG = 0.5103, loss = 0.2902 [86.8 s]
Iteration 2 [33.6 s]: HR = 0.8540, NDCG = 0.5279, loss = 0.1850 [85.3 s]
Iteration 3 [33.8 s]: HR = 0.8553, NDCG = 0.5294, loss = 0.1536 [86.0 s]
Iteration 4 [33.0 s]: HR = 0.8511, NDCG = 0.5254, loss = 0.1343 [87.1 s]
Iteration 5 [33.3 s]: HR = 0.8460, NDCG = 0.5243, loss = 0.1203 [86.0 s]
Iteration 6 [32.8 s]: HR = 0.8387, NDCG = 0.5196, loss = 0.1088 [86.6 s]
Iteration 7 [33.4 s]: HR = 0.8311, NDCG = 0.5149, loss = 0.0997 [87.7 s]
Iteration 8 [33.6 s]: HR = 0.8255, NDCG = 0.5125, loss = 0.0927 [86.8 s]
Iteration 9 [33.6 s]: HR = 0.8180, NDCG = 0.5080, loss = 0.0869 [85.3 s]
Iteration 10 [33.3 s]: HR = 0.8131, NDCG = 0.5045, loss = 0.0821 [86.6 s]
Iteration 11 [33.4 s]: HR = 0.8061, NDCG = 0.5012, loss = 0.0786 [81.6 s]
Iteration 12 [33.1 s]: HR = 0.8019, NDCG = 0.4986, loss = 0.0752 [82.8 s]
Iteration 13 [32.9 s]: HR = 0.7960, NDCG = 0.4955, loss = 0.0723 [81.9 s]
Iteration 14 [33.2 s]: HR = 0.7914, NDCG = 0.4928, loss = 0.0698 [82.1 s]
Iteration 15 [32.6 s]: HR = 0.7864, NDCG = 0.4904, loss = 0.0677 [81.9 s]
Iteration 16 [33.5 s]: HR = 0.7833, NDCG = 0.4874, loss = 0.0661 [82.0 s]
Iteration 17 [33.6 s]: HR = 0.7813, NDCG = 0.4863, loss = 0.0646 [83.0 s]
Iteration 18 [33.7 s]: HR = 0.7770, NDCG = 0.4839, loss = 0.0628 [84.3 s]
Iteration 19 [33.1 s]: HR = 0.7751, NDCG = 0.4816, loss = 0.0616 [82.5 s]
Iteration 20 [33.4 s]: HR = 0.7720, NDCG = 0.4810, loss = 0.0603 [82.2 s]
Iteration 21 [32.7 s]: HR = 0.7711, NDCG = 0.4800, loss = 0.0592 [81.6 s]
Iteration 22 [31.8 s]: HR = 0.7690, NDCG = 0.4781, loss = 0.0581 [82.0 s]
Iteration 23 [32.8 s]: HR = 0.7687, NDCG = 0.4781, loss = 0.0571 [81.4 s]
Iteration 24 [33.2 s]: HR = 0.7669, NDCG = 0.4763, loss = 0.0562 [83.0 s]
Iteration 25 [33.1 s]: HR = 0.7654, NDCG = 0.4750, loss = 0.0555 [81.7 s]
Iteration 26 [33.1 s]: HR = 0.7640, NDCG = 0.4748, loss = 0.0545 [82.3 s]
Iteration 27 [33.0 s]: HR = 0.7627, NDCG = 0.4743, loss = 0.0538 [83.0 s]
Iteration 28 [33.0 s]: HR = 0.7627, NDCG = 0.4734, loss = 0.0534 [82.5 s]
Iteration 29 [33.0 s]: HR = 0.7622, NDCG = 0.4738, loss = 0.0525 [83.3 s]
Iteration 30 [32.5 s]: HR = 0.7611, NDCG = 0.4726, loss = 0.0520 [82.5 s]
Iteration 31 [32.8 s]: HR = 0.7614, NDCG = 0.4724, loss = 0.0515 [81.7 s]
Iteration 32 [33.0 s]: HR = 0.7609, NDCG = 0.4726, loss = 0.0508 [81.9 s]
Iteration 33 [32.7 s]: HR = 0.7598, NDCG = 0.4716, loss = 0.0502 [82.9 s]
Iteration 34 [32.4 s]: HR = 0.7601, NDCG = 0.4714, loss = 0.0497 [81.7 s]
Iteration 35 [32.8 s]: HR = 0.7605, NDCG = 0.4716, loss = 0.0491 [84.0 s]
Iteration 36 [33.0 s]: HR = 0.7599, NDCG = 0.4709, loss = 0.0486 [81.8 s]
Iteration 37 [32.7 s]: HR = 0.7601, NDCG = 0.4707, loss = 0.0482 [81.9 s]
Iteration 38 [32.9 s]: HR = 0.7601, NDCG = 0.4706, loss = 0.0477 [82.1 s]
Iteration 39 [32.8 s]: HR = 0.7595, NDCG = 0.4702, loss = 0.0473 [81.8 s]
End. Best Iteration 3:  HR = 0.8553, NDCG = 0.5294.
14.
Iteration 0 [23.3 s]: HR = 0.6555, NDCG = 0.3565, loss = 0.3716 [45.1 s]
Iteration 1 [22.7 s]: HR = 0.7788, NDCG = 0.4472, loss = 0.2515 [45.2 s]
Iteration 2 [22.3 s]: HR = 0.8202, NDCG = 0.4881, loss = 0.2130 [45.6 s]
Iteration 3 [22.6 s]: HR = 0.8315, NDCG = 0.5027, loss = 0.1960 [45.4 s]
Iteration 4 [22.8 s]: HR = 0.8377, NDCG = 0.5090, loss = 0.1876 [45.3 s]
Iteration 5 [23.4 s]: HR = 0.8460, NDCG = 0.5165, loss = 0.1814 [45.0 s]
Iteration 6 [23.1 s]: HR = 0.8502, NDCG = 0.5208, loss = 0.1758 [45.3 s]
Iteration 7 [22.9 s]: HR = 0.8538, NDCG = 0.5240, loss = 0.1710 [45.2 s]
Iteration 8 [23.1 s]: HR = 0.8557, NDCG = 0.5255, loss = 0.1661 [45.2 s]
Iteration 9 [22.8 s]: HR = 0.8562, NDCG = 0.5275, loss = 0.1617 [45.0 s]
Iteration 10 [22.9 s]: HR = 0.8546, NDCG = 0.5273, loss = 0.1580 [45.0 s]
Iteration 11 [22.5 s]: HR = 0.8553, NDCG = 0.5268, loss = 0.1542 [45.1 s]
Iteration 12 [22.9 s]: HR = 0.8534, NDCG = 0.5261, loss = 0.1505 [45.2 s]
Iteration 13 [22.8 s]: HR = 0.8552, NDCG = 0.5295, loss = 0.1472 [45.1 s]
Iteration 14 [22.8 s]: HR = 0.8506, NDCG = 0.5259, loss = 0.1438 [45.1 s]
Iteration 15 [23.0 s]: HR = 0.8525, NDCG = 0.5282, loss = 0.1408 [45.2 s]
Iteration 16 [23.5 s]: HR = 0.8482, NDCG = 0.5244, loss = 0.1381 [45.0 s]
Iteration 17 [23.1 s]: HR = 0.8473, NDCG = 0.5246, loss = 0.1352 [45.6 s]
Iteration 18 [22.8 s]: HR = 0.8481, NDCG = 0.5252, loss = 0.1327 [45.3 s]
Iteration 19 [22.8 s]: HR = 0.8455, NDCG = 0.5235, loss = 0.1301 [45.4 s]
Iteration 20 [22.5 s]: HR = 0.8454, NDCG = 0.5228, loss = 0.1278 [45.5 s]
Iteration 21 [22.8 s]: HR = 0.8433, NDCG = 0.5219, loss = 0.1255 [45.5 s]
Iteration 22 [22.7 s]: HR = 0.8398, NDCG = 0.5202, loss = 0.1234 [45.3 s]
Iteration 23 [22.6 s]: HR = 0.8395, NDCG = 0.5181, loss = 0.1215 [45.1 s]
Iteration 24 [22.5 s]: HR = 0.8391, NDCG = 0.5191, loss = 0.1200 [45.0 s]
Iteration 25 [22.5 s]: HR = 0.8367, NDCG = 0.5161, loss = 0.1180 [45.2 s]
Iteration 26 [22.8 s]: HR = 0.8381, NDCG = 0.5177, loss = 0.1164 [45.3 s]
Iteration 27 [23.4 s]: HR = 0.8361, NDCG = 0.5162, loss = 0.1147 [45.0 s]
Iteration 28 [22.8 s]: HR = 0.8344, NDCG = 0.5157, loss = 0.1135 [45.3 s]
Iteration 29 [22.9 s]: HR = 0.8349, NDCG = 0.5155, loss = 0.1120 [46.1 s]
Iteration 30 [22.8 s]: HR = 0.8318, NDCG = 0.5147, loss = 0.1107 [45.1 s]
Iteration 31 [22.9 s]: HR = 0.8328, NDCG = 0.5153, loss = 0.1094 [45.7 s]
Iteration 32 [22.8 s]: HR = 0.8333, NDCG = 0.5168, loss = 0.1083 [45.2 s]
Iteration 33 [23.1 s]: HR = 0.8311, NDCG = 0.5144, loss = 0.1071 [45.1 s]
Iteration 34 [22.5 s]: HR = 0.8285, NDCG = 0.5107, loss = 0.1063 [45.1 s]
Iteration 35 [22.8 s]: HR = 0.8302, NDCG = 0.5129, loss = 0.1053 [45.1 s]
Iteration 36 [22.4 s]: HR = 0.8278, NDCG = 0.5133, loss = 0.1046 [45.6 s]
Iteration 37 [22.4 s]: HR = 0.8254, NDCG = 0.5113, loss = 0.1033 [45.0 s]
Iteration 38 [23.0 s]: HR = 0.8270, NDCG = 0.5113, loss = 0.1026 [45.2 s]
Iteration 39 [23.1 s]: HR = 0.8251, NDCG = 0.5099, loss = 0.1021 [45.4 s]
End. Best Iteration 9:  HR = 0.8562, NDCG = 0.5275.
16.
Iteration 0 [38.9 s]: HR = 0.6897, NDCG = 0.3797, loss = 0.3496 [44.0 s]
Iteration 1 [37.5 s]: HR = 0.8145, NDCG = 0.4812, loss = 0.2280 [44.0 s]
Iteration 2 [37.4 s]: HR = 0.8380, NDCG = 0.5026, loss = 0.1953 [44.5 s]
Iteration 3 [37.8 s]: HR = 0.8512, NDCG = 0.5175, loss = 0.1811 [45.0 s]
Iteration 4 [37.8 s]: HR = 0.8582, NDCG = 0.5269, loss = 0.1711 [44.2 s]
Iteration 5 [37.6 s]: HR = 0.8589, NDCG = 0.5306, loss = 0.1626 [44.3 s]
Iteration 6 [37.2 s]: HR = 0.8611, NDCG = 0.5345, loss = 0.1554 [44.4 s]
Iteration 7 [37.6 s]: HR = 0.8603, NDCG = 0.5353, loss = 0.1482 [44.0 s]
Iteration 8 [37.7 s]: HR = 0.8561, NDCG = 0.5330, loss = 0.1410 [44.0 s]
Iteration 9 [37.7 s]: HR = 0.8536, NDCG = 0.5321, loss = 0.1346 [44.2 s]
Iteration 10 [38.2 s]: HR = 0.8522, NDCG = 0.5313, loss = 0.1285 [45.5 s]
Iteration 11 [37.4 s]: HR = 0.8497, NDCG = 0.5294, loss = 0.1229 [44.1 s]
Iteration 12 [37.8 s]: HR = 0.8483, NDCG = 0.5264, loss = 0.1166 [44.7 s]
Iteration 13 [37.0 s]: HR = 0.8458, NDCG = 0.5264, loss = 0.1122 [44.1 s]
Iteration 14 [37.4 s]: HR = 0.8441, NDCG = 0.5252, loss = 0.1070 [44.1 s]
Iteration 15 [37.4 s]: HR = 0.8418, NDCG = 0.5225, loss = 0.1027 [44.2 s]
Iteration 16 [37.7 s]: HR = 0.8410, NDCG = 0.5223, loss = 0.0984 [44.3 s]
Iteration 17 [37.9 s]: HR = 0.8391, NDCG = 0.5197, loss = 0.0949 [44.8 s]
Iteration 18 [38.1 s]: HR = 0.8357, NDCG = 0.5200, loss = 0.0914 [44.3 s]
Iteration 19 [37.7 s]: HR = 0.8297, NDCG = 0.5160, loss = 0.0885 [44.0 s]
Iteration 20 [37.5 s]: HR = 0.8288, NDCG = 0.5154, loss = 0.0854 [44.2 s]
Iteration 21 [38.2 s]: HR = 0.8235, NDCG = 0.5126, loss = 0.0828 [44.3 s]
Iteration 22 [37.2 s]: HR = 0.8243, NDCG = 0.5130, loss = 0.0801 [44.2 s]
Iteration 23 [37.7 s]: HR = 0.8217, NDCG = 0.5105, loss = 0.0778 [44.0 s]
Iteration 24 [37.6 s]: HR = 0.8219, NDCG = 0.5130, loss = 0.0756 [44.4 s]
Iteration 25 [37.6 s]: HR = 0.8162, NDCG = 0.5067, loss = 0.0736 [44.2 s]
Iteration 26 [37.3 s]: HR = 0.8148, NDCG = 0.5078, loss = 0.0716 [44.4 s]
Iteration 27 [37.4 s]: HR = 0.8150, NDCG = 0.5084, loss = 0.0697 [44.7 s]
Iteration 28 [37.4 s]: HR = 0.8125, NDCG = 0.5059, loss = 0.0681 [44.4 s]
Iteration 29 [37.2 s]: HR = 0.8101, NDCG = 0.5050, loss = 0.0666 [44.6 s]
Iteration 30 [37.2 s]: HR = 0.8058, NDCG = 0.5032, loss = 0.0647 [44.3 s]
Iteration 31 [37.9 s]: HR = 0.8025, NDCG = 0.5022, loss = 0.0634 [44.2 s]
Iteration 32 [37.6 s]: HR = 0.8007, NDCG = 0.4988, loss = 0.0622 [44.2 s]
Iteration 33 [37.2 s]: HR = 0.8047, NDCG = 0.5018, loss = 0.0605 [44.0 s]
Iteration 34 [37.6 s]: HR = 0.8018, NDCG = 0.5001, loss = 0.0593 [44.4 s]
Iteration 35 [38.0 s]: HR = 0.7993, NDCG = 0.4992, loss = 0.0582 [44.1 s]
Iteration 36 [37.3 s]: HR = 0.7967, NDCG = 0.4977, loss = 0.0571 [44.6 s]
Iteration 37 [37.4 s]: HR = 0.7974, NDCG = 0.4968, loss = 0.0560 [44.0 s]
Iteration 38 [37.6 s]: HR = 0.7935, NDCG = 0.4954, loss = 0.0550 [44.4 s]
Iteration 39 [37.6 s]: HR = 0.7974, NDCG = 0.4964, loss = 0.0539 [44.4 s]
End. Best Iteration 6:  HR = 0.8611, NDCG = 0.5345.
15.
Iteration 0 [35.5 s]: HR = 0.6790, NDCG = 0.3718, loss = 0.3567 [105.1 s]
Iteration 1 [34.0 s]: HR = 0.8088, NDCG = 0.4760, loss = 0.2345 [105.4 s]
Iteration 2 [35.3 s]: HR = 0.8338, NDCG = 0.5008, loss = 0.1994 [103.6 s]
Iteration 3 [36.8 s]: HR = 0.8464, NDCG = 0.5151, loss = 0.1853 [102.1 s]
Iteration 4 [37.7 s]: HR = 0.8519, NDCG = 0.5218, loss = 0.1753 [103.0 s]
Iteration 5 [37.0 s]: HR = 0.8565, NDCG = 0.5265, loss = 0.1678 [102.1 s]
Iteration 6 [37.2 s]: HR = 0.8550, NDCG = 0.5282, loss = 0.1605 [102.9 s]
Iteration 7 [38.6 s]: HR = 0.8550, NDCG = 0.5281, loss = 0.1541 [104.3 s]
Iteration 8 [36.9 s]: HR = 0.8535, NDCG = 0.5263, loss = 0.1482 [101.7 s]
Iteration 9 [37.2 s]: HR = 0.8524, NDCG = 0.5293, loss = 0.1424 [101.5 s]
Iteration 10 [37.1 s]: HR = 0.8518, NDCG = 0.5293, loss = 0.1370 [101.9 s]
Iteration 11 [37.1 s]: HR = 0.8508, NDCG = 0.5284, loss = 0.1324 [101.6 s]
Iteration 12 [37.8 s]: HR = 0.8441, NDCG = 0.5254, loss = 0.1274 [105.3 s]
Iteration 13 [37.9 s]: HR = 0.8439, NDCG = 0.5243, loss = 0.1231 [101.1 s]
Iteration 14 [37.1 s]: HR = 0.8379, NDCG = 0.5201, loss = 0.1192 [102.6 s]
Iteration 15 [37.1 s]: HR = 0.8382, NDCG = 0.5195, loss = 0.1155 [102.8 s]
Iteration 16 [38.0 s]: HR = 0.8367, NDCG = 0.5212, loss = 0.1123 [101.8 s]
Iteration 17 [37.9 s]: HR = 0.8364, NDCG = 0.5188, loss = 0.1093 [105.7 s]
Iteration 18 [36.9 s]: HR = 0.8356, NDCG = 0.5183, loss = 0.1065 [101.3 s]
Iteration 19 [37.0 s]: HR = 0.8287, NDCG = 0.5145, loss = 0.1039 [100.4 s]
Iteration 20 [37.1 s]: HR = 0.8282, NDCG = 0.5144, loss = 0.1011 [101.0 s]
Iteration 21 [37.9 s]: HR = 0.8251, NDCG = 0.5123, loss = 0.0988 [101.6 s]
Iteration 22 [37.0 s]: HR = 0.8256, NDCG = 0.5137, loss = 0.0968 [105.1 s]
Iteration 23 [38.2 s]: HR = 0.8233, NDCG = 0.5113, loss = 0.0945 [101.7 s]
Iteration 24 [37.1 s]: HR = 0.8241, NDCG = 0.5107, loss = 0.0927 [102.1 s]
Iteration 25 [37.2 s]: HR = 0.8236, NDCG = 0.5099, loss = 0.0912 [102.3 s]
Iteration 26 [37.3 s]: HR = 0.8212, NDCG = 0.5090, loss = 0.0895 [102.1 s]
Iteration 27 [37.3 s]: HR = 0.8198, NDCG = 0.5091, loss = 0.0880 [104.2 s]
Iteration 28 [38.5 s]: HR = 0.8178, NDCG = 0.5078, loss = 0.0861 [102.5 s]
Iteration 29 [37.1 s]: HR = 0.8167, NDCG = 0.5050, loss = 0.0850 [101.9 s]
Iteration 30 [37.9 s]: HR = 0.8154, NDCG = 0.5057, loss = 0.0836 [102.5 s]
Iteration 31 [37.0 s]: HR = 0.8145, NDCG = 0.5049, loss = 0.0823 [102.1 s]
Iteration 32 [37.7 s]: HR = 0.8140, NDCG = 0.5065, loss = 0.0810 [104.3 s]
Iteration 33 [38.3 s]: HR = 0.8119, NDCG = 0.5023, loss = 0.0799 [103.8 s]
Iteration 34 [37.0 s]: HR = 0.8108, NDCG = 0.5026, loss = 0.0788 [102.6 s]
Iteration 35 [37.1 s]: HR = 0.8099, NDCG = 0.5007, loss = 0.0779 [102.3 s]
Iteration 36 [37.4 s]: HR = 0.8078, NDCG = 0.5003, loss = 0.0768 [101.7 s]
Iteration 37 [37.0 s]: HR = 0.8037, NDCG = 0.4964, loss = 0.0758 [103.4 s]
Iteration 38 [38.7 s]: HR = 0.8091, NDCG = 0.4992, loss = 0.0749 [104.2 s]
Iteration 39 [37.1 s]: HR = 0.8066, NDCG = 0.4992, loss = 0.0740 [102.2 s]
End. Best Iteration 5:  HR = 0.8565, NDCG = 0.5265.
